<?xml version="1.0" encoding="UTF-8"?>
<testng-results skipped="0" failed="0" total="0" passed="0">
  <reporter-output>
  </reporter-output>
  <suite name="Default suite" duration-ms="7" started-at="2023-02-21T19:45:00Z" finished-at="2023-02-21T19:45:00Z">
    <groups>
    </groups>
    <test name="Default test" duration-ms="7" started-at="2023-02-21T19:45:00Z" finished-at="2023-02-21T19:45:00Z">
      <class name="com.qa.testCases.ApplyPageTest">
        <test-method status="PASS" signature="fillForm()[pri:0, instance:com.qa.testCases.ApplyPageTest@2b2948e2]" name="fillForm" is-config="true" duration-ms="9698" started-at="2023-02-21T14:44:51Z" finished-at="2023-02-21T14:45:00Z">
          <reporter-output>
          </reporter-output>
        </test-method> <!-- fillForm -->
      </class> <!-- com.qa.testCases.ApplyPageTest -->
    </test> <!-- Default test -->
  </suite> <!-- Default suite -->
</testng-results>
